2019-12-01 00:07:32.789  INFO 18894 --- [main] c.e.postapi.PostApiApplicationTests      : The following profiles are active: local
2019-12-01 00:07:34.921  INFO 18894 --- [main] .s.d.r.c.RepositoryConfigurationDelegate : Bootstrapping Spring Data repositories in DEFAULT mode.
2019-12-01 00:07:35.125  INFO 18894 --- [main] .s.d.r.c.RepositoryConfigurationDelegate : Finished Spring Data repository scanning in 173ms. Found 1 repository interfaces.
2019-12-01 00:07:35.992  INFO 18894 --- [main] o.s.cloud.context.scope.GenericScope     : BeanFactory id=806832c9-7d87-3ea6-9aab-6fe79de05aa0
2019-12-01 00:07:36.758  INFO 18894 --- [main] trationDelegate$BeanPostProcessorChecker : Bean 'org.springframework.transaction.annotation.ProxyTransactionManagementConfiguration' of type [org.springframework.transaction.annotation.ProxyTransactionManagementConfiguration] is not eligible for getting processed by all BeanPostProcessors (for example: not eligible for auto-proxying)
2019-12-01 00:07:36.908  INFO 18894 --- [main] trationDelegate$BeanPostProcessorChecker : Bean 'org.springframework.cloud.autoconfigure.ConfigurationPropertiesRebinderAutoConfiguration' of type [org.springframework.cloud.autoconfigure.ConfigurationPropertiesRebinderAutoConfiguration$$EnhancerBySpringCGLIB$$4c985f63] is not eligible for getting processed by all BeanPostProcessors (for example: not eligible for auto-proxying)
2019-12-01 00:07:37.806  INFO 18894 --- [main] o.hibernate.jpa.internal.util.LogHelper  : HHH000204: Processing PersistenceUnitInfo [name: default]
2019-12-01 00:07:38.190  INFO 18894 --- [main] org.hibernate.Version                    : HHH000412: Hibernate Core {5.4.8.Final}
2019-12-01 00:07:38.346  INFO 18894 --- [main] o.hibernate.annotations.common.Version   : HCANN000001: Hibernate Commons Annotations {5.1.0.Final}
2019-12-01 00:07:38.816  INFO 18894 --- [main] org.hibernate.dialect.Dialect            : HHH000400: Using dialect: org.hibernate.dialect.PostgreSQLDialect
2019-12-01 00:07:40.589  INFO 18894 --- [main] com.zaxxer.hikari.HikariDataSource       : HikariPool-1 - Starting...
2019-12-01 00:07:41.193  INFO 18894 --- [main] com.zaxxer.hikari.HikariDataSource       : HikariPool-1 - Start completed.
2019-12-01 00:07:41.345  INFO 18894 --- [main] o.h.e.t.j.p.i.JtaPlatformInitiator       : HHH000490: Using JtaPlatform implementation: [org.hibernate.engine.transaction.jta.platform.internal.NoJtaPlatform]
2019-12-01 00:07:41.371  INFO 18894 --- [main] j.LocalContainerEntityManagerFactoryBean : Initialized JPA EntityManagerFactory for persistence unit 'default'
2019-12-01 00:07:43.405  WARN 18894 --- [main] JpaBaseConfiguration$JpaWebConfiguration : spring.jpa.open-in-view is enabled by default. Therefore, database queries may be performed during view rendering. Explicitly configure spring.jpa.open-in-view to disable this warning
2019-12-01 00:07:44.424  WARN 18894 --- [main] c.n.c.sources.URLConfigurationSource     : No URLs will be polled as dynamic configuration sources.
2019-12-01 00:07:44.425  INFO 18894 --- [main] c.n.c.sources.URLConfigurationSource     : To enable URLs as dynamic configuration sources, define System property archaius.configurationSource.additionalUrls or make config.properties available on classpath.
2019-12-01 00:07:44.455  WARN 18894 --- [main] c.n.c.sources.URLConfigurationSource     : No URLs will be polled as dynamic configuration sources.
2019-12-01 00:07:44.455  INFO 18894 --- [main] c.n.c.sources.URLConfigurationSource     : To enable URLs as dynamic configuration sources, define System property archaius.configurationSource.additionalUrls or make config.properties available on classpath.
2019-12-01 00:07:45.077  INFO 18894 --- [main] o.s.s.concurrent.ThreadPoolTaskExecutor  : Initializing ExecutorService 'applicationTaskExecutor'
2019-12-01 00:07:46.957  INFO 18894 --- [main] d.s.w.p.DocumentationPluginsBootstrapper : Context refreshed
2019-12-01 00:07:47.041  INFO 18894 --- [main] d.s.w.p.DocumentationPluginsBootstrapper : Found 1 custom documentation plugin(s)
2019-12-01 00:07:47.094  INFO 18894 --- [main] s.d.s.w.s.ApiListingReferenceScanner     : Scanning for api listing references
2019-12-01 00:07:47.566  INFO 18894 --- [main] c.e.postapi.PostApiApplicationTests      : Started PostApiApplicationTests in 16.257 seconds (JVM running for 26.733)
2019-12-01 00:07:47.676  INFO 18894 --- [SpringContextShutdownHook] o.s.c.n.eureka.InstanceInfoFactory       : Setting initial instance status as: STARTING
2019-12-01 00:07:47.683  INFO 18894 --- [SpringContextShutdownHook] o.s.c.n.e.s.EurekaServiceRegistry        : Unregistering application POST with eureka with status DOWN
2019-12-01 00:07:47.708  INFO 18894 --- [SpringContextShutdownHook] o.s.s.concurrent.ThreadPoolTaskExecutor  : Shutting down ExecutorService 'applicationTaskExecutor'
2019-12-01 00:07:47.715  INFO 18894 --- [SpringContextShutdownHook] j.LocalContainerEntityManagerFactoryBean : Closing JPA EntityManagerFactory for persistence unit 'default'
2019-12-01 00:07:47.719  INFO 18894 --- [SpringContextShutdownHook] com.zaxxer.hikari.HikariDataSource       : HikariPool-1 - Shutdown initiated...
2019-12-01 00:07:47.728  INFO 18894 --- [SpringContextShutdownHook] com.zaxxer.hikari.HikariDataSource       : HikariPool-1 - Shutdown completed.
2019-12-01 00:08:40.829  INFO 18954 --- [main] c.e.postapi.PostApiApplicationTests      : The following profiles are active: local
2019-12-01 00:08:42.001  INFO 18954 --- [main] .s.d.r.c.RepositoryConfigurationDelegate : Bootstrapping Spring Data repositories in DEFAULT mode.
2019-12-01 00:08:42.115  INFO 18954 --- [main] .s.d.r.c.RepositoryConfigurationDelegate : Finished Spring Data repository scanning in 91ms. Found 1 repository interfaces.
2019-12-01 00:08:42.531  INFO 18954 --- [main] o.s.cloud.context.scope.GenericScope     : BeanFactory id=806832c9-7d87-3ea6-9aab-6fe79de05aa0
2019-12-01 00:08:42.963  INFO 18954 --- [main] trationDelegate$BeanPostProcessorChecker : Bean 'org.springframework.transaction.annotation.ProxyTransactionManagementConfiguration' of type [org.springframework.transaction.annotation.ProxyTransactionManagementConfiguration] is not eligible for getting processed by all BeanPostProcessors (for example: not eligible for auto-proxying)
2019-12-01 00:08:43.053  INFO 18954 --- [main] trationDelegate$BeanPostProcessorChecker : Bean 'org.springframework.cloud.autoconfigure.ConfigurationPropertiesRebinderAutoConfiguration' of type [org.springframework.cloud.autoconfigure.ConfigurationPropertiesRebinderAutoConfiguration$$EnhancerBySpringCGLIB$$13e3bfba] is not eligible for getting processed by all BeanPostProcessors (for example: not eligible for auto-proxying)
2019-12-01 00:08:43.503  INFO 18954 --- [main] o.hibernate.jpa.internal.util.LogHelper  : HHH000204: Processing PersistenceUnitInfo [name: default]
2019-12-01 00:08:43.655  INFO 18954 --- [main] org.hibernate.Version                    : HHH000412: Hibernate Core {5.4.8.Final}
2019-12-01 00:08:43.738  INFO 18954 --- [main] o.hibernate.annotations.common.Version   : HCANN000001: Hibernate Commons Annotations {5.1.0.Final}
2019-12-01 00:08:44.009  INFO 18954 --- [main] org.hibernate.dialect.Dialect            : HHH000400: Using dialect: org.hibernate.dialect.PostgreSQLDialect
2019-12-01 00:08:44.765  INFO 18954 --- [main] com.zaxxer.hikari.HikariDataSource       : HikariPool-1 - Starting...
2019-12-01 00:08:44.895  INFO 18954 --- [main] com.zaxxer.hikari.HikariDataSource       : HikariPool-1 - Start completed.
2019-12-01 00:08:44.934  INFO 18954 --- [main] o.h.e.t.j.p.i.JtaPlatformInitiator       : HHH000490: Using JtaPlatform implementation: [org.hibernate.engine.transaction.jta.platform.internal.NoJtaPlatform]
2019-12-01 00:08:44.942  INFO 18954 --- [main] j.LocalContainerEntityManagerFactoryBean : Initialized JPA EntityManagerFactory for persistence unit 'default'
2019-12-01 00:08:46.384  WARN 18954 --- [main] JpaBaseConfiguration$JpaWebConfiguration : spring.jpa.open-in-view is enabled by default. Therefore, database queries may be performed during view rendering. Explicitly configure spring.jpa.open-in-view to disable this warning
2019-12-01 00:08:46.965  WARN 18954 --- [main] c.n.c.sources.URLConfigurationSource     : No URLs will be polled as dynamic configuration sources.
2019-12-01 00:08:46.966  INFO 18954 --- [main] c.n.c.sources.URLConfigurationSource     : To enable URLs as dynamic configuration sources, define System property archaius.configurationSource.additionalUrls or make config.properties available on classpath.
2019-12-01 00:08:46.977  WARN 18954 --- [main] c.n.c.sources.URLConfigurationSource     : No URLs will be polled as dynamic configuration sources.
2019-12-01 00:08:46.977  INFO 18954 --- [main] c.n.c.sources.URLConfigurationSource     : To enable URLs as dynamic configuration sources, define System property archaius.configurationSource.additionalUrls or make config.properties available on classpath.
2019-12-01 00:08:47.366  INFO 18954 --- [main] o.s.s.concurrent.ThreadPoolTaskExecutor  : Initializing ExecutorService 'applicationTaskExecutor'
2019-12-01 00:08:48.656  INFO 18954 --- [main] d.s.w.p.DocumentationPluginsBootstrapper : Context refreshed
2019-12-01 00:08:48.699  INFO 18954 --- [main] d.s.w.p.DocumentationPluginsBootstrapper : Found 1 custom documentation plugin(s)
2019-12-01 00:08:48.728  INFO 18954 --- [main] s.d.s.w.s.ApiListingReferenceScanner     : Scanning for api listing references
2019-12-01 00:08:49.016  INFO 18954 --- [main] c.e.postapi.PostApiApplicationTests      : Started PostApiApplicationTests in 9.254 seconds (JVM running for 15.392)
2019-12-01 00:08:49.104  INFO 18954 --- [SpringContextShutdownHook] o.s.c.n.eureka.InstanceInfoFactory       : Setting initial instance status as: STARTING
2019-12-01 00:08:49.109  INFO 18954 --- [SpringContextShutdownHook] o.s.c.n.e.s.EurekaServiceRegistry        : Unregistering application POST with eureka with status DOWN
2019-12-01 00:08:49.128  INFO 18954 --- [SpringContextShutdownHook] o.s.s.concurrent.ThreadPoolTaskExecutor  : Shutting down ExecutorService 'applicationTaskExecutor'
2019-12-01 00:08:49.134  INFO 18954 --- [SpringContextShutdownHook] j.LocalContainerEntityManagerFactoryBean : Closing JPA EntityManagerFactory for persistence unit 'default'
2019-12-01 00:08:49.139  INFO 18954 --- [SpringContextShutdownHook] com.zaxxer.hikari.HikariDataSource       : HikariPool-1 - Shutdown initiated...
2019-12-01 00:08:49.145  INFO 18954 --- [SpringContextShutdownHook] com.zaxxer.hikari.HikariDataSource       : HikariPool-1 - Shutdown completed.
